{"level":"error","message":"GET en / - 0:46:36"}
{"level":"error","message":"GET en /login - 0:46:36"}
{"level":"error","message":"GET en /register - 0:46:38"}
{"level":"error","message":"POST en /api/sessions/register - 0:46:55"}
{"level":"error","message":"GET en /login - 0:46:59"}
{"level":"error","message":"GET en /register - 0:48:01"}
{"level":"error","message":"POST en /api/sessions/register - 0:48:22"}
{"level":"error","message":"GET en /login - 0:48:25"}
{"level":"error","message":"GET en /register - 0:49:20"}
{"level":"error","message":"GET en / - 0:49:23"}
{"level":"error","message":"GET en /login - 0:49:23"}
{"level":"error","message":"GET en /register - 0:49:25"}
{"level":"error","message":"POST en /api/sessions/register - 0:49:35"}
{"level":"error","message":"GET en /login - 0:49:39"}
{"level":"error","message":"GET en /register - 0:50:12"}
{"level":"error","message":"POST en /api/sessions/register - 0:51:12"}
{"level":"error","message":"GET en /login - 0:51:23"}
{"level":"error","message":"GET en /login - 0:51:27"}
{"level":"error","message":"GET en /login - 0:51:31"}
{"level":"error","message":"GET en /login - 0:51:31"}
{"level":"error","message":"GET en /register - 0:51:33"}
{"level":"error","message":"POST en /api/sessions/register - 0:52:01"}
{"level":"error","message":"GET en /login - 0:53:38"}
{"level":"error","message":"GET en /register - 0:53:48"}
{"level":"error","message":"POST en /api/sessions/register - 0:54:00"}
{"level":"error","message":"GET en /login - 0:54:58"}
{"level":"error","message":"GET en /register - 0:55:07"}
{"level":"error","message":"GET en /login - 0:56:05"}
{"level":"error","message":"GET en /register - 0:56:07"}
{"level":"error","message":"POST en /api/sessions/register - 0:56:18"}
{"level":"error","message":"GET en /register - 0:58:09"}
{"level":"error","message":"GET en /login - 0:58:45"}
{"level":"error","message":"GET en /login - 0:58:50"}
{"level":"error","message":"GET en /register - 0:58:55"}
{"level":"error","message":"POST en /api/sessions/register - 0:59:06"}
{"level":"error","message":"GET en /login - 0:59:53"}
{"level":"error","message":"GET en / - 0:59:59"}
{"level":"error","message":"GET en / - 0:59:59"}
{"level":"error","message":"GET en /login - 1:00:00"}
{"level":"error","message":"GET en /login - 1:00:01"}
{"level":"error","message":"GET en /register - 1:00:03"}
{"level":"error","message":"POST en /api/sessions/register - 1:00:16"}
{"level":"error","message":"POST en /api/carrito - 1:00:19"}
{"level":"error","message":"GET en /login - 1:00:19"}
{"level":"error","message":"GET en /register - 1:08:02"}
{"level":"error","message":"POST en /api/sessions/register - 1:08:21"}
{"level":"error","message":"POST en /api/carrito - 1:08:25"}
{"level":"error","message":"GET en /login - 1:09:33"}
{"level":"error","message":"GET en /register - 1:11:08"}
{"level":"error","message":"POST en /api/sessions/register - 1:11:20"}
{"level":"error","message":"GET en /register - 1:12:09"}
{"level":"error","message":"GET en /login - 1:12:11"}
{"level":"error","message":"GET en /register - 1:12:12"}
{"level":"error","message":"POST en /api/sessions/register - 1:12:22"}
{"level":"error","message":"GET en / - 1:12:34"}
{"level":"error","message":"GET en / - 1:12:34"}
{"level":"error","message":"GET en /login - 1:12:35"}
{"level":"error","message":"GET en /login - 1:12:36"}
{"level":"error","message":"GET en /register - 1:12:57"}
{"level":"error","message":"GET en /register - 1:12:58"}
{"level":"error","message":"POST en /api/sessions/register - 1:13:08"}
{"level":"error","message":"GET en /api/sessions/register - 1:13:22"}
{"level":"error","message":"GET en /api/sessions/register - 1:13:26"}
{"level":"error","message":"POST en /api/sessions/register - 1:14:22"}
{"level":"error","message":"GET en / - 1:14:53"}
{"level":"error","message":"GET en /login - 1:14:53"}
{"level":"error","message":"GET en /register - 1:14:55"}
{"level":"error","message":"POST en /api/sessions/register - 1:15:04"}
{"level":"error","message":"GET en /api/sessions/register - 1:15:09"}
{"level":"error","message":"POST en /api/sessions/register - 1:15:35"}
{"level":"error","message":"POST en /api/sessions/register - 1:16:08"}
{"level":"error","message":"POST en /api/carrito - 1:16:11"}
{"level":"error","message":"POST en /api/sessions/register - 1:17:49"}
{"level":"error","message":"POST en /api/carrito - 1:17:52"}
{"level":"error","message":"GET en /login - 1:18:43"}
{"level":"error","message":"GET en /register - 1:18:44"}
{"level":"error","message":"POST en /api/sessions/register - 1:18:57"}
{"level":"error","message":"POST en /api/carrito - 1:19:00"}
{"level":"error","message":"GET en /login - 1:26:02"}
{"level":"error","message":"GET en /register - 1:26:12"}
{"level":"error","message":"POST en /api/sessions/register - 1:26:24"}
{"level":"error","message":"POST en /api/carrito - 1:26:27"}
{"level":"error","message":"GET en /login - 1:27:26"}
{"level":"error","message":"GET en /register - 1:27:31"}
{"level":"error","message":"POST en /api/sessions/register - 1:27:43"}
{"level":"error","message":"POST en /api/carrito - 1:27:46"}
{"level":"error","message":"GET en /api/carrito - 1:28:52"}
{"level":"error","message":"POST en /api/carrito - 1:29:41"}
{"level":"error","message":"GET en /register - 1:31:16"}
{"level":"error","message":"GET en /login - 1:31:17"}
{"level":"error","message":"GET en /register - 1:31:19"}
{"level":"error","message":"POST en /api/sessions/register - 1:31:32"}
{"level":"error","message":"POST en /api/carrito - 1:31:35"}
{"level":"error","message":"GET en /login - 1:33:18"}
{"level":"error","message":"GET en /register - 1:33:20"}
{"level":"error","message":"POST en /api/sessions/register - 1:33:32"}
{"level":"error","message":"POST en /api/carrito - 1:33:35"}
{"level":"error","message":"GET en / - 1:35:25"}
{"level":"error","message":"GET en / - 1:35:26"}
{"level":"error","message":"GET en /login - 1:35:27"}
{"level":"error","message":"GET en /login - 1:35:27"}
{"level":"error","message":"GET en /register - 1:35:29"}
{"level":"error","message":"POST en /api/sessions/register - 1:35:40"}
{"level":"error","message":"POST en /api/carrito - 1:35:43"}
{"level":"error","message":"GET en / - 1:37:47"}
{"level":"error","message":"GET en /login - 1:37:47"}
{"level":"error","message":"GET en /register - 1:37:49"}
{"level":"error","message":"POST en /api/sessions/register - 1:37:59"}
{"level":"error","message":"POST en /api/sessions/register - 1:38:17"}
{"level":"error","message":"GET en /login - 1:38:23"}
{"level":"error","message":"GET en /register - 1:38:24"}
{"level":"error","message":"POST en /api/sessions/register - 1:38:50"}
{"level":"error","message":"POST en /api/carrito - 1:38:52"}
{"level":"error","message":"GET en /login - 1:40:45"}
{"level":"error","message":"GET en /register - 1:40:57"}
{"level":"error","message":"POST en /api/sessions/register - 1:41:09"}
{"level":"error","message":"POST en /api/carrito - 1:41:12"}
{"level":"error","message":"GET en / - 1:48:12"}
{"level":"error","message":"GET en /login - 1:48:13"}
{"level":"error","message":"GET en /register - 1:48:15"}
{"level":"error","message":"POST en /api/sessions/register - 1:48:26"}
{"level":"error","message":"POST en /api/carrito - 1:48:29"}
{"level":"error","message":"GET en /login - 2:01:51"}
{"level":"error","message":"GET en /register - 2:01:53"}
{"level":"error","message":"POST en /api/sessions/register - 2:02:04"}
{"level":"error","message":"POST en /api/carrito - 2:02:07"}
{"level":"error","message":"GET en / - 2:04:24"}
{"level":"error","message":"GET en / - 2:04:24"}
{"level":"error","message":"GET en /login - 2:04:25"}
{"level":"error","message":"GET en /login - 2:04:25"}
{"level":"error","message":"GET en /register - 2:04:27"}
{"level":"error","message":"GET en /login - 2:04:35"}
{"level":"error","message":"GET en /register - 2:04:36"}
{"level":"error","message":"POST en /api/sessions/register - 2:04:59"}
{"level":"error","message":"POST en /api/sessions/register - 2:05:04"}
{"level":"error","message":"POST en /api/carrito - 2:05:07"}
{"level":"error","message":"GET en /login - 2:05:46"}
{"level":"error","message":"GET en /register - 2:05:47"}
{"level":"error","message":"POST en /api/sessions/register - 2:06:02"}
{"level":"error","message":"POST en /api/sessions/register - 2:06:29"}
{"level":"error","message":"GET en /login - 2:06:32"}
{"level":"error","message":"GET en /register - 2:06:57"}
{"level":"error","message":"POST en /api/sessions/register - 2:07:12"}
{"level":"error","message":"POST en /api/carrito - 2:07:15"}
{"level":"error","message":"GET en /login - 2:07:32"}
{"level":"error","message":"GET en / - 2:07:34"}
{"level":"error","message":"GET en /login - 2:07:34"}
{"level":"error","message":"GET en /register - 2:07:37"}
{"level":"error","message":"POST en /api/sessions/register - 2:07:59"}
{"level":"error","message":"POST en /api/carrito - 2:08:02"}
{"level":"error","message":"GET en /login - 2:09:14"}
{"level":"error","message":"GET en /register - 2:09:15"}
{"level":"error","message":"POST en /api/sessions/register - 2:09:34"}
{"level":"error","message":"POST en /api/carrito - 2:09:37"}
{"level":"error","message":"GET en / - 12:35:14"}
{"level":"error","message":"GET en / - 12:35:15"}
{"level":"error","message":"GET en /login - 12:35:16"}
{"level":"error","message":"GET en /login - 12:35:16"}
{"level":"error","message":"GET en /favicon.ico - 12:35:16"}
{"level":"error","message":"POST en /api/sessions/login - 12:35:28"}
{"level":"error","message":"GET en / - 12:35:29"}
{"level":"error","message":"GET en /api/products - 12:35:31"}
{"level":"error","message":"GET en / - 12:36:02"}
{"level":"error","message":"GET en /api/products - 12:36:04"}
{"level":"error","message":"GET en /CarritoEspecifico - 12:36:05"}
{"level":"error","message":"GET en / - 12:36:33"}
{"level":"error","message":"GET en /api/products - 12:36:35"}
{"level":"error","message":"GET en /api/carrito/CarritoEspecifico - 12:36:36"}
{"level":"error","message":"GET en / - 12:37:20"}
{"level":"error","message":"GET en /api/products - 12:37:21"}
{"level":"error","message":"GET en /api/carrito/CarritoEspecifico - 12:37:22"}
{"level":"error","message":"GET en / - 12:37:40"}
{"level":"error","message":"GET en /api/products - 12:37:41"}
{"level":"error","message":"GET en /api/carrito/CarritoEspecifico - 12:37:42"}
{"level":"error","message":"GET en / - 12:38:26"}
{"level":"error","message":"GET en /api/products - 12:38:28"}
{"level":"error","message":"GET en /api/carrito/CarritoEspecifico - 12:38:28"}
{"level":"error","message":"GET en / - 12:38:54"}
{"level":"error","message":"GET en /api/products - 12:38:56"}
{"level":"error","message":"GET en /api/carrito/CarritoEspecifico - 12:38:57"}
{"level":"error","message":"GET en / - 12:40:07"}
{"level":"error","message":"GET en /api/products - 12:40:09"}
{"level":"error","message":"GET en /api/carrito/CarritoEspecifico - 12:40:10"}
{"level":"error","message":"GET en / - 12:43:49"}
{"level":"error","message":"GET en /api/products - 12:43:51"}
{"level":"error","message":"GET en /api/carrito/CarritoEspecifico - 12:43:52"}
{"level":"error","message":"GET en / - 12:45:05"}
{"level":"error","message":"GET en /api/products - 12:45:07"}
{"level":"error","message":"GET en /api/carrito/CarritoEspecifico - 12:45:07"}
{"level":"error","message":"GET en / - 12:46:20"}
{"level":"error","message":"GET en /api/products - 12:46:22"}
{"level":"error","message":"GET en /api/carrito/CarritoEspecifico - 12:46:23"}
{"level":"error","message":"GET en / - 12:46:38"}
{"level":"error","message":"GET en /api/products - 12:46:40"}
{"level":"error","message":"GET en /api/carrito/CarritoEspecifico - 12:46:41"}
{"level":"error","message":"GET en / - 12:55:03"}
{"level":"error","message":"GET en /api/products - 12:55:05"}
{"level":"error","message":"GET en /api/carrito/CarritoEspecifico - 12:55:06"}
{"level":"error","message":"GET en / - 12:55:30"}
{"level":"error","message":"GET en / - 12:55:33"}
{"level":"error","message":"GET en /api/products - 12:55:34"}
{"level":"error","message":"GET en /api/carrito/CarritoEspecifico - 12:55:34"}
{"level":"error","message":"GET en / - 12:56:20"}
{"level":"error","message":"GET en /api/products - 12:56:21"}
{"level":"error","message":"GET en /api/carrito/CarritoEspecifico - 12:56:22"}
{"level":"error","message":"GET en / - 12:57:01"}
{"level":"error","message":"GET en /api/products - 12:57:03"}
{"level":"error","message":"GET en /api/carrito/CarritoEspecifico - 12:57:04"}
{"level":"error","message":"GET en / - 12:57:42"}
{"level":"error","message":"GET en /api/products - 12:57:43"}
{"level":"error","message":"GET en /api/carrito/CarritoEspecifico - 12:57:44"}
{"level":"error","message":"GET en / - 13:00:22"}
{"level":"error","message":"GET en /api/products - 13:00:24"}
{"level":"error","message":"GET en /api/carrito/CarritoEspecifico - 13:00:25"}
{"level":"error","message":"GET en / - 13:00:46"}
{"level":"error","message":"GET en /api/products - 13:00:48"}
{"level":"error","message":"GET en /api/carrito/CarritoEspecifico - 13:00:48"}
{"level":"error","message":"GET en / - 13:01:33"}
{"level":"error","message":"GET en /api/products - 13:01:35"}
{"level":"error","message":"GET en /api/carrito/CarritoEspecifico - 13:01:35"}
{"level":"error","message":"GET en / - 13:02:23"}
{"level":"error","message":"GET en /api/products - 13:02:25"}
{"level":"error","message":"GET en /api/carrito/CarritoEspecifico - 13:02:26"}
{"level":"error","message":"GET en / - 13:05:02"}
{"level":"error","message":"GET en / - 13:05:03"}
{"level":"error","message":"GET en /api/products - 13:05:06"}
{"level":"error","message":"GET en /api/carrito/CarritoEspecifico - 13:05:08"}
{"level":"error","message":"GET en / - 13:09:32"}
{"level":"error","message":"GET en /api/products - 13:09:34"}
{"level":"error","message":"GET en /api/carrito/CarritoEspecifico - 13:09:34"}
{"level":"error","message":"GET en / - 13:11:32"}
{"level":"error","message":"GET en /api/products - 13:11:34"}
{"level":"error","message":"GET en /api/carrito/CarritoEspecifico - 13:11:34"}
{"level":"error","message":"GET en / - 13:13:25"}
{"level":"error","message":"GET en / - 13:13:29"}
{"level":"error","message":"GET en /api/products - 13:13:30"}
{"level":"error","message":"GET en /api/carrito/CarritoEspecifico - 13:13:31"}
{"level":"error","message":"POST en /api/carrito - 13:13:34"}
{"level":"error","message":"GET en / - 13:21:05"}
{"level":"error","message":"GET en / - 13:21:06"}
{"level":"error","message":"GET en /api/products - 13:21:07"}
{"level":"error","message":"GET en /api/carrito/CarritoEspecifico - 13:21:08"}
{"level":"error","message":"POST en /api/carrito/1/productos - 13:21:15"}
{"level":"error","message":"GET en / - 13:22:05"}
{"level":"error","message":"GET en /api/products - 13:22:08"}
{"level":"error","message":"GET en /api/carrito/CarritoEspecifico - 13:22:08"}
{"level":"error","message":"POST en /api/carrito/1/productos - 13:22:15"}
{"level":"error","message":"GET en / - 13:22:53"}
{"level":"error","message":"GET en /api/products - 13:22:55"}
{"level":"error","message":"GET en /api/carrito/CarritoEspecifico - 13:22:56"}
{"level":"error","message":"GET en / - 13:23:35"}
{"level":"error","message":"GET en /api/products - 13:23:37"}
{"level":"error","message":"GET en /api/carrito/CarritoEspecifico - 13:23:38"}
{"level":"error","message":"GET en / - 13:24:27"}
{"level":"error","message":"GET en / - 13:24:29"}
{"level":"error","message":"GET en /api/products - 13:24:31"}
{"level":"error","message":"GET en /api/carrito/CarritoEspecifico - 13:24:32"}
{"level":"error","message":"POST en /api/carrito/1/productos - 13:24:35"}
{"level":"error","message":"GET en / - 13:26:11"}
{"level":"error","message":"GET en /api/products - 13:26:12"}
{"level":"error","message":"GET en /api/carrito/CarritoEspecifico - 13:26:12"}
{"level":"error","message":"GET en / - 13:26:17"}
{"level":"error","message":"GET en /api/products - 13:26:17"}
{"level":"error","message":"GET en /api/carrito/CarritoEspecifico - 13:26:18"}
{"level":"error","message":"GET en / - 13:26:37"}
{"level":"error","message":"GET en /api/products - 13:26:39"}
{"level":"error","message":"GET en /api/carrito/CarritoEspecifico - 13:26:39"}
{"level":"error","message":"GET en / - 13:27:07"}
{"level":"error","message":"GET en /api/products - 13:27:07"}
{"level":"error","message":"GET en /api/carrito/CarritoEspecifico - 13:27:08"}
{"level":"error","message":"GET en / - 13:27:50"}
{"level":"error","message":"GET en /api/products - 13:27:51"}
{"level":"error","message":"GET en /api/carrito/CarritoEspecifico - 13:27:52"}
{"level":"error","message":"GET en / - 13:28:07"}
{"level":"error","message":"GET en /api/products - 13:28:10"}
{"level":"error","message":"GET en /api/carrito/CarritoEspecifico - 13:28:11"}
{"level":"error","message":"GET en / - 13:28:52"}
{"level":"error","message":"GET en /api/products - 13:28:54"}
{"level":"error","message":"GET en /api/carrito/CarritoEspecifico - 13:28:55"}
{"level":"error","message":"GET en / - 13:29:31"}
{"level":"error","message":"GET en / - 13:29:33"}
{"level":"error","message":"GET en /api/products - 13:29:35"}
{"level":"error","message":"GET en /api/carrito/CarritoEspecifico - 13:29:36"}
{"level":"error","message":"GET en / - 13:30:37"}
{"level":"error","message":"GET en /api/products - 13:30:39"}
{"level":"error","message":"GET en /api/carrito/CarritoEspecifico - 13:30:40"}
{"level":"error","message":"GET en / - 13:30:59"}
{"level":"error","message":"GET en /api/products - 13:31:01"}
{"level":"error","message":"GET en /api/carrito/CarritoEspecifico - 13:31:02"}
{"level":"error","message":"GET en / - 13:33:07"}
{"level":"error","message":"GET en /api/products - 13:33:09"}
{"level":"error","message":"GET en /api/carrito/CarritoEspecifico - 13:33:09"}
{"level":"error","message":"GET en / - 13:35:09"}
{"level":"error","message":"GET en /api/products - 13:35:14"}
{"level":"error","message":"GET en /api/carrito/CarritoEspecifico - 13:35:15"}
{"level":"error","message":"GET en / - 13:35:29"}
{"level":"error","message":"GET en /api/products - 13:35:31"}
{"level":"error","message":"GET en /api/carrito/CarritoEspecifico - 13:35:32"}
{"level":"error","message":"POST en /api/carrito/2/productos - 13:35:39"}
{"level":"error","message":"GET en /logout - 13:35:48"}
{"level":"error","message":"GET en / - 13:35:49"}
{"level":"error","message":"GET en /login - 13:35:49"}
{"level":"error","message":"GET en /register - 13:36:07"}
{"level":"error","message":"POST en /api/sessions/register - 13:36:19"}
{"level":"error","message":"POST en /api/carrito - 13:36:22"}
{"level":"error","message":"GET en /login - 13:36:25"}
{"level":"error","message":"POST en /api/sessions/login - 13:36:29"}
{"level":"error","message":"GET en / - 13:36:30"}
{"level":"error","message":"GET en /api/products - 13:36:31"}
{"level":"error","message":"GET en /api/carrito/CarritoEspecifico - 13:36:32"}
{"level":"error","message":"POST en /api/carrito/1/productos - 13:36:37"}
{"level":"error","message":"GET en /logout - 13:41:43"}
{"level":"error","message":"GET en / - 13:41:44"}
{"level":"error","message":"GET en /login - 13:41:44"}
{"level":"error","message":"POST en /api/sessions/login - 13:41:51"}
{"level":"error","message":"GET en / - 13:41:52"}
{"level":"error","message":"GET en /api/products - 13:41:53"}
{"level":"error","message":"GET en /api/carrito/CarritoEspecifico - 13:41:54"}
{"level":"error","message":"GET en /logout - 13:42:09"}
{"level":"error","message":"GET en / - 13:42:10"}
{"level":"error","message":"GET en /login - 13:42:10"}
{"level":"error","message":"GET en /register - 13:42:57"}
{"level":"error","message":"POST en /api/sessions/register - 13:43:14"}
{"level":"error","message":"POST en /api/carrito - 13:43:17"}
{"level":"error","message":"GET en /login - 13:43:19"}
{"level":"error","message":"POST en /api/sessions/login - 13:43:22"}
{"level":"error","message":"GET en /api/sessions/loginFail - 13:43:23"}
{"level":"error","message":"POST en /api/sessions/login - 13:43:41"}
{"level":"error","message":"GET en / - 13:43:43"}
{"level":"error","message":"GET en /api/products - 13:43:45"}
{"level":"error","message":"GET en /api/carrito/CarritoEspecifico - 13:43:46"}
{"level":"error","message":"POST en /api/carrito/1/productos - 13:43:49"}
{"level":"error","message":"GET en /logout - 13:44:20"}
{"level":"error","message":"GET en / - 13:44:21"}
{"level":"error","message":"GET en /login - 13:44:22"}
{"level":"error","message":"GET en /register - 13:44:37"}
{"level":"error","message":"POST en /api/sessions/register - 13:44:49"}
{"level":"error","message":"POST en /api/carrito - 13:44:53"}
{"level":"error","message":"GET en /login - 13:44:53"}
{"level":"error","message":"POST en /api/sessions/login - 13:44:57"}
{"level":"error","message":"GET en / - 13:44:58"}
{"level":"error","message":"GET en /api/products - 13:44:59"}
{"level":"error","message":"GET en /api/carrito/CarritoEspecifico - 13:45:00"}
{"level":"error","message":"GET en / - 13:45:16"}
{"level":"error","message":"GET en /api/products - 13:45:17"}
{"level":"error","message":"GET en /api/carrito/CarritoEspecifico - 13:45:17"}
{"level":"error","message":"POST en /api/carrito/1/productos - 13:45:21"}
{"level":"error","message":"GET en / - 13:46:31"}
{"level":"error","message":"GET en /api/products - 13:46:33"}
{"level":"error","message":"GET en /api/carrito/CarritoEspecifico - 13:46:34"}
{"level":"error","message":"POST en /api/carrito/1/productos - 13:46:37"}
{"level":"error","message":"GET en / - 13:47:09"}
{"level":"error","message":"GET en /api/products - 13:47:11"}
{"level":"error","message":"GET en /api/carrito/CarritoEspecifico - 13:47:11"}
{"level":"error","message":"GET en / - 13:48:10"}
{"level":"error","message":"GET en /api/products - 13:48:11"}
{"level":"error","message":"GET en /api/carrito/CarritoEspecifico - 13:48:12"}
{"level":"error","message":"GET en / - 13:48:18"}
{"level":"error","message":"GET en /api/products - 13:48:19"}
{"level":"error","message":"GET en /api/carrito/CarritoEspecifico - 13:48:20"}
{"level":"error","message":"GET en / - 13:48:28"}
{"level":"error","message":"GET en /api/products - 13:48:29"}
{"level":"error","message":"GET en /api/carrito/CarritoEspecifico - 13:48:30"}
{"level":"error","message":"POST en /api/carrito/1/productos - 13:48:33"}
{"level":"error","message":"GET en / - 13:49:58"}
{"level":"error","message":"GET en /api/products - 13:49:59"}
{"level":"error","message":"GET en /api/carrito/CarritoEspecifico - 13:50:00"}
{"level":"error","message":"GET en / - 13:50:04"}
{"level":"error","message":"GET en /api/products - 13:50:05"}
{"level":"error","message":"GET en /api/carrito/CarritoEspecifico - 13:50:06"}
{"level":"error","message":"GET en / - 13:50:10"}
{"level":"error","message":"GET en /api/products - 13:50:11"}
{"level":"error","message":"GET en /api/carrito/CarritoEspecifico - 13:50:11"}
{"level":"error","message":"POST en /api/carrito/1/productos - 13:50:20"}
{"level":"error","message":"GET en / - 13:50:45"}
{"level":"error","message":"GET en /api/products - 13:50:47"}
{"level":"error","message":"GET en /api/carrito/CarritoEspecifico - 13:50:47"}
{"level":"error","message":"GET en / - 13:52:02"}
{"level":"error","message":"GET en /api/products - 13:52:04"}
{"level":"error","message":"GET en /api/carrito/CarritoEspecifico - 13:52:05"}
{"level":"error","message":"POST en /api/carrito/1/productos - 13:52:08"}
{"level":"error","message":"POST en /api/carrito/1/productos - 13:52:20"}
{"level":"error","message":"POST en /api/carrito/1/productos - 13:53:11"}
{"level":"error","message":"GET en / - 13:56:38"}
{"level":"error","message":"GET en /api/products - 13:56:40"}
{"level":"error","message":"GET en /api/carrito/CarritoEspecifico - 13:56:40"}
{"level":"error","message":"POST en /api/carrito/1/productos - 13:56:43"}
{"level":"error","message":"POST en /api/carrito/1/productos - 13:57:33"}
{"level":"error","message":"GET en / - 13:58:11"}
{"level":"error","message":"GET en /api/products - 13:58:12"}
{"level":"error","message":"GET en /api/carrito/CarritoEspecifico - 13:58:13"}
{"level":"error","message":"GET en / - 13:59:00"}
{"level":"error","message":"GET en /api/products - 13:59:02"}
{"level":"error","message":"GET en /api/carrito/CarritoEspecifico - 13:59:02"}
{"level":"error","message":"GET en / - 14:03:23"}
{"level":"error","message":"GET en /api/products - 14:03:24"}
{"level":"error","message":"GET en /api/carrito/CarritoEspecifico - 14:03:25"}
{"level":"error","message":"POST en /api/carrito/1/productos - 14:03:28"}
{"level":"error","message":"GET en / - 14:05:43"}
{"level":"error","message":"GET en /api/products - 14:05:45"}
{"level":"error","message":"GET en /api/carrito/CarritoEspecifico - 14:05:46"}
{"level":"error","message":"POST en /api/carrito/1/productos - 14:05:49"}
{"level":"error","message":"GET en / - 14:06:44"}
{"level":"error","message":"GET en /api/products - 14:06:46"}
{"level":"error","message":"GET en /api/carrito/CarritoEspecifico - 14:06:47"}
{"level":"error","message":"POST en /api/carrito/1/productos - 14:06:50"}
{"level":"error","message":"GET en / - 14:08:02"}
{"level":"error","message":"GET en /api/products - 14:08:04"}
{"level":"error","message":"GET en /api/carrito/CarritoEspecifico - 14:08:04"}
{"level":"error","message":"POST en /api/carrito/1/productos - 14:08:08"}
{"level":"error","message":"GET en / - 14:10:46"}
{"level":"error","message":"GET en /api/products - 14:10:48"}
{"level":"error","message":"GET en /api/carrito/CarritoEspecifico - 14:10:49"}
{"level":"error","message":"POST en /api/carrito/1/productos - 14:10:52"}
{"level":"error","message":"POST en /api/carrito/1/productos - 14:11:09"}
{"level":"error","message":"GET en / - 14:12:07"}
{"level":"error","message":"GET en /api/products - 14:12:10"}
{"level":"error","message":"GET en /api/carrito/CarritoEspecifico - 14:12:10"}
{"level":"error","message":"POST en /api/carrito/2/productos - 14:12:28"}
{"level":"error","message":"POST en /api/carrito/2/productos - 14:12:36"}
{"level":"error","message":"GET en / - 14:13:31"}
{"level":"error","message":"GET en /api/products - 14:13:33"}
{"level":"error","message":"GET en /api/carrito/CarritoEspecifico - 14:13:34"}
{"level":"error","message":"POST en /api/carrito/1/productos - 14:13:36"}
{"level":"error","message":"GET en / - 15:02:36"}
{"level":"error","message":"GET en / - 15:02:36"}
{"level":"error","message":"GET en /api/products - 15:02:37"}
{"level":"error","message":"GET en /api/carrito/CarritoEspecifico - 15:02:38"}
{"level":"error","message":"GET en / - 15:02:47"}
{"level":"error","message":"GET en /api/products - 15:02:48"}
{"level":"error","message":"GET en /api/carrito/CarritoEspecifico - 15:02:49"}
{"level":"error","message":"DELETE en /api/carrito/1/productos/solaliga_84@hotmail.com - 15:03:14"}
{"level":"error","message":"GET en / - 15:04:47"}
{"level":"error","message":"GET en / - 15:04:48"}
{"level":"error","message":"GET en /api/products - 15:04:50"}
{"level":"error","message":"GET en /api/carrito/CarritoEspecifico - 15:04:51"}
{"level":"error","message":"DELETE en /api/carrito/1/productos/solaliga_84@hotmail.com - 15:04:56"}
{"level":"error","message":"GET en / - 15:05:56"}
{"level":"error","message":"GET en /api/products - 15:05:58"}
{"level":"error","message":"GET en /api/carrito/CarritoEspecifico - 15:05:59"}
{"level":"error","message":"GET en / - 15:07:20"}
{"level":"error","message":"GET en /api/products - 15:07:22"}
{"level":"error","message":"GET en /api/carrito/CarritoEspecifico - 15:07:23"}
{"level":"error","message":"DELETE en /api/carrito/solaliga_84@hotmail.com/productos/1 - 15:07:26"}
{"level":"error","message":"GET en / - 15:08:57"}
{"level":"error","message":"GET en /api/products - 15:09:01"}
{"level":"error","message":"GET en /api/carrito/CarritoEspecifico - 15:09:02"}
{"level":"error","message":"DELETE en /api/carrito/solaliga_84@hotmail.com/productos/1 - 15:09:05"}
{"level":"error","message":"POST en /api/carrito/1/productos - 15:09:07"}
{"level":"error","message":"GET en / - 15:09:40"}
{"level":"error","message":"GET en /api/products - 15:09:42"}
{"level":"error","message":"GET en /api/carrito/CarritoEspecifico - 15:09:42"}
{"level":"error","message":"GET en / - 15:38:41"}
{"level":"error","message":"GET en /api/products - 15:38:43"}
{"level":"error","message":"GET en /api/carrito/CarritoEspecifico - 15:38:44"}
{"level":"error","message":"POST en /api/carrito/2/productos - 15:38:49"}
{"level":"error","message":"POST en /api/carrito/finalizar - 15:38:56"}
{"level":"error","message":"GET en / - 15:39:25"}
{"level":"error","message":"GET en /api/products - 15:39:27"}
{"level":"error","message":"GET en /api/carrito/CarritoEspecifico - 15:39:28"}
{"level":"error","message":"GET en / - 15:39:48"}
{"level":"error","message":"GET en /api/products - 15:39:49"}
{"level":"error","message":"GET en /api/carrito/CarritoEspecifico - 15:39:49"}
{"level":"error","message":"GET en / - 15:39:52"}
{"level":"error","message":"GET en /api/products - 15:39:53"}
{"level":"error","message":"GET en /api/carrito/CarritoEspecifico - 15:39:54"}
{"level":"error","message":"POST en /api/carrito/finalizar - 15:40:07"}
{"level":"error","message":"GET en / - 15:40:45"}
{"level":"error","message":"GET en /api/products - 15:40:46"}
{"level":"error","message":"GET en /api/carrito/CarritoEspecifico - 15:40:47"}
{"level":"error","message":"GET en / - 15:41:05"}
{"level":"error","message":"GET en /api/products - 15:41:07"}
{"level":"error","message":"GET en /api/carrito/CarritoEspecifico - 15:41:08"}
{"level":"error","message":"POST en /api/carrito/finalizar - 15:41:11"}
{"level":"error","message":"GET en / - 15:44:26"}
{"level":"error","message":"GET en /api/products - 15:44:28"}
{"level":"error","message":"GET en /api/carrito/CarritoEspecifico - 15:44:28"}
{"level":"error","message":"POST en /api/carrito/finalizar - 15:45:04"}
{"level":"error","message":"GET en / - 15:46:13"}
{"level":"error","message":"GET en /api/products - 15:46:15"}
{"level":"error","message":"GET en /api/carrito/CarritoEspecifico - 15:46:15"}
{"level":"error","message":"POST en /api/carrito/finalizar - 15:46:18"}
{"level":"error","message":"GET en / - 15:46:34"}
{"level":"error","message":"GET en /api/products - 15:46:36"}
{"level":"error","message":"GET en /api/carrito/CarritoEspecifico - 15:46:36"}
{"level":"error","message":"POST en /api/carrito/finalizar - 15:46:41"}
{"level":"error","message":"GET en / - 15:46:57"}
{"level":"error","message":"GET en /api/products - 15:46:59"}
{"level":"error","message":"GET en /api/carrito/CarritoEspecifico - 15:47:00"}
{"level":"error","message":"GET en / - 15:49:03"}
{"level":"error","message":"GET en /api/products - 15:49:05"}
{"level":"error","message":"GET en /api/carrito/CarritoEspecifico - 15:49:06"}
{"level":"error","message":"POST en /api/carrito/finalizar - 15:49:08"}
{"level":"error","message":"GET en / - 15:51:01"}
{"level":"error","message":"GET en /api/products - 15:51:03"}
{"level":"error","message":"GET en /api/carrito/CarritoEspecifico - 15:51:04"}
{"level":"error","message":"POST en /api/carrito/finalizar - 15:51:06"}
{"level":"error","message":"GET en / - 15:51:44"}
{"level":"error","message":"GET en /api/products - 15:51:46"}
{"level":"error","message":"GET en /api/carrito/CarritoEspecifico - 15:51:46"}
{"level":"error","message":"POST en /api/carrito/finalizar - 15:51:55"}
{"level":"error","message":"GET en / - 16:48:39"}
{"level":"error","message":"GET en / - 16:48:40"}
{"level":"error","message":"GET en /api/products - 16:48:42"}
{"level":"error","message":"GET en /api/carrito/CarritoEspecifico - 16:48:42"}
{"level":"error","message":"GET en / - 16:48:44"}
{"level":"error","message":"GET en /api/products - 16:48:45"}
{"level":"error","message":"GET en /api/carrito/CarritoEspecifico - 16:48:46"}
{"level":"error","message":"POST en /api/carrito/finalizar - 16:48:57"}
